{
  "RSpec": {
    "coverage": {
      "/Users/Joe/Library/Mobile Documents/com~apple~CloudDocs/documents/work-stuff/applications/thoughtworks/mars-rover/spec/features/user_story_spec.rb": [
        1,
        2,
        null,
        1,
        1,
        null,
        null,
        1,
        1,
        1,
        0,
        0,
        0,
        0,
        null,
        null,
        null
      ],
      "/Users/Joe/Library/Mobile Documents/com~apple~CloudDocs/documents/work-stuff/applications/thoughtworks/mars-rover/spec/mars_rover_spec.rb": [
        1,
        null,
        1,
        2,
        null,
        1,
        1,
        1,
        null,
        null,
        null
      ],
      "/Users/Joe/Library/Mobile Documents/com~apple~CloudDocs/documents/work-stuff/applications/thoughtworks/mars-rover/lib/mars_rover.rb": [
        1,
        1,
        null,
        1,
        3,
        null,
        null
      ],
      "/Users/Joe/Library/Mobile Documents/com~apple~CloudDocs/documents/work-stuff/applications/thoughtworks/mars-rover/spec/nasa_controller_spec.rb": [
        1,
        null,
        1,
        2,
        null,
        1,
        1,
        1,
        null,
        null,
        null
      ],
      "/Users/Joe/Library/Mobile Documents/com~apple~CloudDocs/documents/work-stuff/applications/thoughtworks/mars-rover/lib/nasa_controller.rb": [
        1,
        1,
        2,
        null,
        null
      ]
    },
    "timestamp": 1470460316
  }
}
