{
  "RSpec": {
    "coverage": {
      "/Users/Joe/Library/Mobile Documents/com~apple~CloudDocs/documents/work-stuff/applications/thoughtworks/mars-rover/spec/camera_spec.rb": [
        1,
        null,
        1,
        3,
        null,
        1,
        1,
        1,
        null,
        null,
        null,
        1,
        1,
        1,
        1,
        null,
        null,
        null
      ],
      "/Users/Joe/Library/Mobile Documents/com~apple~CloudDocs/documents/work-stuff/applications/thoughtworks/mars-rover/lib/camera.rb": [
        null,
        1,
        1,
        null,
        1,
        35,
        null,
        null,
        1,
        10,
        null,
        null
      ],
      "/Users/Joe/Library/Mobile Documents/com~apple~CloudDocs/documents/work-stuff/applications/thoughtworks/mars-rover/spec/features/user_story_spec.rb": [
        1,
        5,
        5,
        5,
        null,
        5,
        5,
        2,
        null,
        1,
        1,
        null,
        null,
        1,
        1,
        1,
        1,
        null,
        null,
        null,
        1,
        1,
        null,
        null,
        1,
        1,
        1,
        1,
        1,
        1,
        null,
        null,
        null,
        1,
        1,
        null,
        null,
        1,
        1,
        1,
        1,
        null,
        null,
        null,
        1,
        1,
        null,
        null,
        1,
        1,
        1,
        null,
        null,
        null
      ],
      "/Users/Joe/Library/Mobile Documents/com~apple~CloudDocs/documents/work-stuff/applications/thoughtworks/mars-rover/spec/nasa_controller_spec.rb": [
        1,
        null,
        1,
        4,
        null,
        3,
        4,
        null,
        3,
        null,
        2,
        null,
        1,
        1,
        1,
        null,
        null,
        null,
        1,
        1,
        1,
        1,
        null,
        null,
        1,
        1,
        1,
        null,
        null,
        null
      ],
      "/Users/Joe/Library/Mobile Documents/com~apple~CloudDocs/documents/work-stuff/applications/thoughtworks/mars-rover/lib/nasa_controller.rb": [
        null,
        1,
        1,
        null,
        1,
        7,
        7,
        null,
        null,
        1,
        null,
        6,
        null,
        null,
        1,
        5,
        null,
        null
      ],
      "/Users/Joe/Library/Mobile Documents/com~apple~CloudDocs/documents/work-stuff/applications/thoughtworks/mars-rover/spec/nav_grid_spec.rb": [
        1,
        null,
        1,
        4,
        null,
        1,
        1,
        1,
        null,
        null,
        1,
        1,
        null,
        null,
        1,
        1,
        null,
        null,
        null
      ],
      "/Users/Joe/Library/Mobile Documents/com~apple~CloudDocs/documents/work-stuff/applications/thoughtworks/mars-rover/lib/nav_grid.rb": [
        null,
        null,
        1,
        1,
        null,
        1,
        12,
        12,
        12,
        null,
        null
      ],
      "/Users/Joe/Library/Mobile Documents/com~apple~CloudDocs/documents/work-stuff/applications/thoughtworks/mars-rover/spec/plateau_spec.rb": [
        1,
        null,
        1,
        3,
        null,
        3,
        null,
        1,
        1,
        1,
        null,
        null,
        1,
        1,
        null,
        null,
        null
      ],
      "/Users/Joe/Library/Mobile Documents/com~apple~CloudDocs/documents/work-stuff/applications/thoughtworks/mars-rover/lib/plateau.rb": [
        null,
        null,
        1,
        1,
        null,
        1,
        6,
        6,
        null,
        null
      ],
      "/Users/Joe/Library/Mobile Documents/com~apple~CloudDocs/documents/work-stuff/applications/thoughtworks/mars-rover/spec/robotic_rover_spec.rb": [
        1,
        null,
        1,
        9,
        null,
        6,
        null,
        6,
        null,
        1,
        1,
        1,
        null,
        null,
        null,
        1,
        1,
        1,
        1,
        null,
        null,
        1,
        1,
        1,
        null,
        null,
        null,
        1,
        1,
        1,
        null,
        null,
        1,
        1,
        1,
        null,
        null,
        1,
        1,
        1,
        null,
        null,
        null,
        1,
        1,
        1,
        null,
        null,
        1,
        1,
        1,
        null,
        null,
        null
      ],
      "/Users/Joe/Library/Mobile Documents/com~apple~CloudDocs/documents/work-stuff/applications/thoughtworks/mars-rover/lib/robotic_rover.rb": [
        null,
        1,
        1,
        null,
        1,
        12,
        12,
        12,
        12,
        12,
        null,
        null,
        1,
        9,
        9,
        9,
        9,
        null,
        null,
        1,
        null,
        1,
        9,
        9,
        null,
        null,
        1,
        9,
        null,
        null,
        1,
        33,
        null,
        null,
        1,
        9,
        null,
        null
      ]
    },
    "timestamp": 1471088031
  }
}
